nohup: ignoring input
INFO:     Will watch for changes in these directories: ['/home/ubuntu/FigmaFrontend/backend']
INFO:     Uvicorn running on http://0.0.0.0:8000 (Press CTRL+C to quit)
INFO:     Started reloader process [12006] using WatchFiles
Process SpawnProcess-1:
Traceback (most recent call last):
  File "/usr/lib/python3.11/multiprocessing/process.py", line 314, in _bootstrap
    self.run()
  File "/usr/lib/python3.11/multiprocessing/process.py", line 108, in run
    self._target(*self._args, **self._kwargs)
  File "/usr/local/lib/python3.11/dist-packages/uvicorn/_subprocess.py", line 80, in subprocess_started
    target(sockets=sockets)
  File "/usr/local/lib/python3.11/dist-packages/uvicorn/server.py", line 65, in run
    return asyncio.run(self.serve(sockets=sockets))
           ^^^^^^^^^^^^^^^^^^^^^^^^^^^^^^^^^^^^^^^^
  File "/usr/lib/python3.11/asyncio/runners.py", line 188, in run
    return runner.run(main)
           ^^^^^^^^^^^^^^^^
  File "/usr/lib/python3.11/asyncio/runners.py", line 120, in run
    return self._loop.run_until_complete(task)
           ^^^^^^^^^^^^^^^^^^^^^^^^^^^^^^^^^^^
  File "uvloop/loop.pyx", line 1518, in uvloop.loop.Loop.run_until_complete
  File "/usr/local/lib/python3.11/dist-packages/uvicorn/server.py", line 69, in serve
    await self._serve(sockets)
  File "/usr/local/lib/python3.11/dist-packages/uvicorn/server.py", line 76, in _serve
    config.load()
  File "/usr/local/lib/python3.11/dist-packages/uvicorn/config.py", line 434, in load
    self.loaded_app = import_from_string(self.app)
                      ^^^^^^^^^^^^^^^^^^^^^^^^^^^^
  File "/usr/local/lib/python3.11/dist-packages/uvicorn/importer.py", line 19, in import_from_string
    module = importlib.import_module(module_str)
             ^^^^^^^^^^^^^^^^^^^^^^^^^^^^^^^^^^^
  File "/usr/lib/python3.11/importlib/__init__.py", line 126, in import_module
    return _bootstrap._gcd_import(name[level:], package, level)
           ^^^^^^^^^^^^^^^^^^^^^^^^^^^^^^^^^^^^^^^^^^^^^^^^^^^^
  File "<frozen importlib._bootstrap>", line 1206, in _gcd_import
  File "<frozen importlib._bootstrap>", line 1178, in _find_and_load
  File "<frozen importlib._bootstrap>", line 1149, in _find_and_load_unlocked
  File "<frozen importlib._bootstrap>", line 690, in _load_unlocked
  File "<frozen importlib._bootstrap_external>", line 940, in exec_module
  File "<frozen importlib._bootstrap>", line 241, in _call_with_frames_removed
  File "/home/ubuntu/FigmaFrontend/backend/app/main.py", line 9, in <module>
    from app.api.v1.api import api_router
  File "/home/ubuntu/FigmaFrontend/backend/app/api/v1/api.py", line 5, in <module>
    from app.api.v1.endpoints import auth, stores, services, appointments, technicians, store_hours, technician_unavailable, notifications, reviews, upload, review_replies
  File "/home/ubuntu/FigmaFrontend/backend/app/api/v1/endpoints/auth.py", line 309, in <module>
    file: UploadFile = File(...),
                       ^^^^
NameError: name 'File' is not defined
WARNING:  WatchFiles detected changes in 'app/api/v1/endpoints/auth.py'. Reloading...
INFO:     Started server process [12019]
INFO:     Waiting for application startup.
2026-01-04 20:12:21,452 INFO sqlalchemy.engine.Engine SELECT DATABASE()
2026-01-04 20:12:21,452 INFO sqlalchemy.engine.Engine [raw sql] {}
2026-01-04 20:12:21,458 INFO sqlalchemy.engine.Engine SELECT @@sql_mode
2026-01-04 20:12:21,458 INFO sqlalchemy.engine.Engine [raw sql] {}
2026-01-04 20:12:21,461 INFO sqlalchemy.engine.Engine SELECT @@lower_case_table_names
2026-01-04 20:12:21,462 INFO sqlalchemy.engine.Engine [raw sql] {}
2026-01-04 20:12:21,468 INFO sqlalchemy.engine.Engine BEGIN (implicit)
2026-01-04 20:12:21,472 INFO sqlalchemy.engine.Engine SELECT appointment_reminders.id AS appointment_reminders_id, appointment_reminders.appointment_id AS appointment_reminders_appointment_id, appointment_reminders.user_id AS appointment_reminders_user_id, appointment_reminders.reminder_type AS appointment_reminders_reminder_type, appointment_reminders.status AS appointment_reminders_status, appointment_reminders.scheduled_time AS appointment_reminders_scheduled_time, appointment_reminders.sent_at AS appointment_reminders_sent_at, appointment_reminders.error_message AS appointment_reminders_error_message, appointment_reminders.created_at AS appointment_reminders_created_at, appointment_reminders.updated_at AS appointment_reminders_updated_at 
FROM appointment_reminders 
WHERE appointment_reminders.status = %(status_1)s AND appointment_reminders.scheduled_time <= %(scheduled_time_1)s
2026-01-04 20:12:21,472 INFO sqlalchemy.engine.Engine [generated in 0.00026s] {'status_1': 'pending', 'scheduled_time_1': datetime.datetime(2026, 1, 4, 20, 12, 21, 247642)}
2026-01-04 20:12:21,478 INFO sqlalchemy.engine.Engine ROLLBACK
INFO:     Application startup complete.
WARNING:  WatchFiles detected changes in 'app/api/v1/endpoints/auth.py'. Reloading...
INFO:     Shutting down
INFO:     Waiting for application shutdown.
INFO:     Application shutdown complete.
INFO:     Finished server process [12019]
INFO:     Started server process [12027]
INFO:     Waiting for application startup.
2026-01-04 20:12:28,947 INFO sqlalchemy.engine.Engine SELECT DATABASE()
2026-01-04 20:12:28,948 INFO sqlalchemy.engine.Engine [raw sql] {}
2026-01-04 20:12:28,955 INFO sqlalchemy.engine.Engine SELECT @@sql_mode
2026-01-04 20:12:28,955 INFO sqlalchemy.engine.Engine [raw sql] {}
2026-01-04 20:12:28,959 INFO sqlalchemy.engine.Engine SELECT @@lower_case_table_names
2026-01-04 20:12:28,959 INFO sqlalchemy.engine.Engine [raw sql] {}
2026-01-04 20:12:28,966 INFO sqlalchemy.engine.Engine BEGIN (implicit)
2026-01-04 20:12:28,970 INFO sqlalchemy.engine.Engine SELECT appointment_reminders.id AS appointment_reminders_id, appointment_reminders.appointment_id AS appointment_reminders_appointment_id, appointment_reminders.user_id AS appointment_reminders_user_id, appointment_reminders.reminder_type AS appointment_reminders_reminder_type, appointment_reminders.status AS appointment_reminders_status, appointment_reminders.scheduled_time AS appointment_reminders_scheduled_time, appointment_reminders.sent_at AS appointment_reminders_sent_at, appointment_reminders.error_message AS appointment_reminders_error_message, appointment_reminders.created_at AS appointment_reminders_created_at, appointment_reminders.updated_at AS appointment_reminders_updated_at 
FROM appointment_reminders 
WHERE appointment_reminders.status = %(status_1)s AND appointment_reminders.scheduled_time <= %(scheduled_time_1)s
2026-01-04 20:12:28,970 INFO sqlalchemy.engine.Engine [generated in 0.00026s] {'status_1': 'pending', 'scheduled_time_1': datetime.datetime(2026, 1, 4, 20, 12, 28, 869179)}
2026-01-04 20:12:28,977 INFO sqlalchemy.engine.Engine ROLLBACK
INFO:     Application startup complete.
INFO:     127.0.0.1:34108 - "GET /health HTTP/1.1" 200 OK
WARNING:  WatchFiles detected changes in 'app/api/v1/endpoints/users.py'. Reloading...
INFO:     Shutting down
INFO:     Waiting for application shutdown.
INFO:     Application shutdown complete.
INFO:     Finished server process [12027]
INFO:     Started server process [12197]
INFO:     Waiting for application startup.
2026-01-04 20:16:53,494 INFO sqlalchemy.engine.Engine SELECT DATABASE()
2026-01-04 20:16:53,494 INFO sqlalchemy.engine.Engine [raw sql] {}
2026-01-04 20:16:53,501 INFO sqlalchemy.engine.Engine SELECT @@sql_mode
2026-01-04 20:16:53,502 INFO sqlalchemy.engine.Engine [raw sql] {}
2026-01-04 20:16:53,505 INFO sqlalchemy.engine.Engine SELECT @@lower_case_table_names
2026-01-04 20:16:53,505 INFO sqlalchemy.engine.Engine [raw sql] {}
2026-01-04 20:16:53,512 INFO sqlalchemy.engine.Engine BEGIN (implicit)
2026-01-04 20:16:53,515 INFO sqlalchemy.engine.Engine SELECT appointment_reminders.id AS appointment_reminders_id, appointment_reminders.appointment_id AS appointment_reminders_appointment_id, appointment_reminders.user_id AS appointment_reminders_user_id, appointment_reminders.reminder_type AS appointment_reminders_reminder_type, appointment_reminders.status AS appointment_reminders_status, appointment_reminders.scheduled_time AS appointment_reminders_scheduled_time, appointment_reminders.sent_at AS appointment_reminders_sent_at, appointment_reminders.error_message AS appointment_reminders_error_message, appointment_reminders.created_at AS appointment_reminders_created_at, appointment_reminders.updated_at AS appointment_reminders_updated_at 
FROM appointment_reminders 
WHERE appointment_reminders.status = %(status_1)s AND appointment_reminders.scheduled_time <= %(scheduled_time_1)s
2026-01-04 20:16:53,515 INFO sqlalchemy.engine.Engine [generated in 0.00027s] {'status_1': 'pending', 'scheduled_time_1': datetime.datetime(2026, 1, 4, 20, 16, 53, 411365)}
2026-01-04 20:16:53,523 INFO sqlalchemy.engine.Engine ROLLBACK
INFO:     Application startup complete.
WARNING:  WatchFiles detected changes in 'app/api/v1/api.py'. Reloading...
INFO:     Shutting down
INFO:     Waiting for application shutdown.
INFO:     Application shutdown complete.
INFO:     Finished server process [12197]
INFO:     Started server process [12206]
INFO:     Waiting for application startup.
2026-01-04 20:17:01,535 INFO sqlalchemy.engine.Engine SELECT DATABASE()
2026-01-04 20:17:01,536 INFO sqlalchemy.engine.Engine [raw sql] {}
2026-01-04 20:17:01,542 INFO sqlalchemy.engine.Engine SELECT @@sql_mode
2026-01-04 20:17:01,543 INFO sqlalchemy.engine.Engine [raw sql] {}
2026-01-04 20:17:01,546 INFO sqlalchemy.engine.Engine SELECT @@lower_case_table_names
2026-01-04 20:17:01,546 INFO sqlalchemy.engine.Engine [raw sql] {}
2026-01-04 20:17:01,552 INFO sqlalchemy.engine.Engine BEGIN (implicit)
2026-01-04 20:17:01,556 INFO sqlalchemy.engine.Engine SELECT appointment_reminders.id AS appointment_reminders_id, appointment_reminders.appointment_id AS appointment_reminders_appointment_id, appointment_reminders.user_id AS appointment_reminders_user_id, appointment_reminders.reminder_type AS appointment_reminders_reminder_type, appointment_reminders.status AS appointment_reminders_status, appointment_reminders.scheduled_time AS appointment_reminders_scheduled_time, appointment_reminders.sent_at AS appointment_reminders_sent_at, appointment_reminders.error_message AS appointment_reminders_error_message, appointment_reminders.created_at AS appointment_reminders_created_at, appointment_reminders.updated_at AS appointment_reminders_updated_at 
FROM appointment_reminders 
WHERE appointment_reminders.status = %(status_1)s AND appointment_reminders.scheduled_time <= %(scheduled_time_1)s
2026-01-04 20:17:01,556 INFO sqlalchemy.engine.Engine [generated in 0.00022s] {'status_1': 'pending', 'scheduled_time_1': datetime.datetime(2026, 1, 4, 20, 17, 1, 460489)}
2026-01-04 20:17:01,563 INFO sqlalchemy.engine.Engine ROLLBACK
INFO:     Application startup complete.
INFO:     Shutting down
INFO:     Waiting for application shutdown.
INFO:     Application shutdown complete.
INFO:     Finished server process [12206]
INFO:     Stopping reloader process [12006]
